New log file opened at Wed Oct 14 05:35:48 EET 2015 by 6297@labtop
Sending msg to client activator-e8a68781-8314-4f82-921d-fed596ad9de6: DetachedLogEvent(LogMessage(debug,sbt server socket logs are in: /home/amrelmasry/Work/Projects/play_framework/first/.sbtserver/connections/master.log))
Sending msg to client activator-e8a68781-8314-4f82-921d-fed596ad9de6: DetachedLogEvent(LogMessage(debug,sbt client logs are in: /home/amrelmasry/Work/Projects/play_framework/first/.sbtserver/connections/activator-e8a68781-8314-4f82-921d-fed596ad9de6.log))
Sending msg to client activator-e8a68781-8314-4f82-921d-fed596ad9de6: DetachedLogEvent(LogMessage(debug,sbt general server logs are in: /home/amrelmasry/Work/Projects/play_framework/first/.sbtserver/master.log))
Reading next message from client.
Got request: ListenToEvents()
Reading next message from client.
Got request: ListenToBuildChange()
Sending msg to client activator-e8a68781-8314-4f82-921d-fed596ad9de6: (3,ReceivedResponse())
Reading next message from client.
Got request: SendSyntheticBuildChanged()
Reading next message from client.
Got request: KeyLookupRequest(discoveredMainClasses)
Reading next message from client.
Got request: KeyLookupRequest(mainClass)
Reading next message from client.
Sending msg to client activator-e8a68781-8314-4f82-921d-fed596ad9de6: DetachedLogEvent(LogMessage(debug,> initialize))
Sending msg to client activator-e8a68781-8314-4f82-921d-fed596ad9de6: DetachedLogEvent(LogMessage(debug,> onFailure load-failed))
Sending msg to client activator-e8a68781-8314-4f82-921d-fed596ad9de6: DetachedLogEvent(LogMessage(debug,> boot))
Sending msg to client activator-e8a68781-8314-4f82-921d-fed596ad9de6: DetachedLogEvent(LogMessage(debug,> reload))
Sending msg to client activator-e8a68781-8314-4f82-921d-fed596ad9de6: DetachedLogEvent(LogMessage(debug,[Loading] Scanning directory /home/amrelmasry/Work/Projects/play_framework/first/project))
Got request: UnlistenToEvents()
Reading next message from client.
Sending msg to client activator-e8a68781-8314-4f82-921d-fed596ad9de6: (8,ReceivedResponse())
Got request: UnlistenToBuildChange()
Reading next message from client.
Client activator-e8a68781-8314-4f82-921d-fed596ad9de6 EOF, shutting down.
Stopping client.
Dropping message (0,ReceivedResponse()) to dead client activator-e8a68781-8314-4f82-921d-fed596ad9de6
Client activator-e8a68781-8314-4f82-921d-fed596ad9de6 thread exiting.
