New log file opened at Wed Oct 14 05:35:48 EET 2015 by 6297@labtop
Sending msg to client activator-f3cf8cc9-9139-475c-9d9b-e167232d53f4: DetachedLogEvent(LogMessage(debug,sbt server socket logs are in: /home/amrelmasry/Work/Projects/play_framework/first/.sbtserver/connections/master.log))
Sending msg to client activator-f3cf8cc9-9139-475c-9d9b-e167232d53f4: DetachedLogEvent(LogMessage(debug,sbt general server logs are in: /home/amrelmasry/Work/Projects/play_framework/first/.sbtserver/master.log))
Sending msg to client activator-f3cf8cc9-9139-475c-9d9b-e167232d53f4: DetachedLogEvent(LogMessage(debug,sbt client logs are in: /home/amrelmasry/Work/Projects/play_framework/first/.sbtserver/connections/activator-f3cf8cc9-9139-475c-9d9b-e167232d53f4.log))
Reading next message from client.
Got request: ListenToEvents()
Reading next message from client.
Got request: ListenToBuildChange()
Reading next message from client.
Got request: SendSyntheticBuildChanged()
Reading next message from client.
Got request: KeyLookupRequest(discoveredMainClasses)
Reading next message from client.
Got request: KeyLookupRequest(mainClass)
Reading next message from client.
Sending msg to client activator-f3cf8cc9-9139-475c-9d9b-e167232d53f4: (3,ReceivedResponse())
Sending msg to client activator-f3cf8cc9-9139-475c-9d9b-e167232d53f4: DetachedLogEvent(LogMessage(debug,> initialize))
Sending msg to client activator-f3cf8cc9-9139-475c-9d9b-e167232d53f4: DetachedLogEvent(LogMessage(debug,> onFailure load-failed))
Sending msg to client activator-f3cf8cc9-9139-475c-9d9b-e167232d53f4: DetachedLogEvent(LogMessage(debug,> boot))
Sending msg to client activator-f3cf8cc9-9139-475c-9d9b-e167232d53f4: DetachedLogEvent(LogMessage(debug,> reload))
Sending msg to client activator-f3cf8cc9-9139-475c-9d9b-e167232d53f4: DetachedLogEvent(LogMessage(debug,[Loading] Scanning directory /home/amrelmasry/Work/Projects/play_framework/first/project))
Got request: UnlistenToEvents()
Reading next message from client.
Sending msg to client activator-f3cf8cc9-9139-475c-9d9b-e167232d53f4: (8,ReceivedResponse())
Got request: UnlistenToBuildChange()
Reading next message from client.
Client activator-f3cf8cc9-9139-475c-9d9b-e167232d53f4 EOF, shutting down.
Stopping client.
Dropping message (0,ReceivedResponse()) to dead client activator-f3cf8cc9-9139-475c-9d9b-e167232d53f4
Client activator-f3cf8cc9-9139-475c-9d9b-e167232d53f4 thread exiting.
